<?xml version="1.0" encoding="UTF-8"?>
<coverage generated="1387606447">
    <project timestamp="1387606447">
        <file name="/Users/amystephen/Sites/Molajo/Molajo/*.*">
            <line num="11" type="stmt" count="1"/>
            <metrics loc="17" ncloc="15" classes="0" methods="0" coveredmethods="0" conditionals="0"
                     coveredconditionals="0" statements="1" coveredstatements="1" elements="1" coveredelements="1"/>
        </file>
        <metrics files="1" loc="17" ncloc="15" classes="0" methods="0" coveredmethods="0" conditionals="0"
                 coveredconditionals="0" statements="1" coveredstatements="1" elements="1" coveredelements="1"/>
    </project>
</coverage>
